CRITICAL - 2022-11-16 06:14:54 --> Invalid file: setup/setupshippinglineView.php
in SYSTEMPATH\Exceptions\FrameworkException.php on line 33.
 1 SYSTEMPATH\View\View.php(201): CodeIgniter\Exceptions\FrameworkException::forInvalidFile('setup/setupshippinglineView.php')
 2 SYSTEMPATH\Common.php(1134): CodeIgniter\View\View->render('setup/setupshippinglineView', [], true)
 3 APPPATH\Controllers\DataSetup.php(56): view('setup/setupshippinglineView')
 4 SYSTEMPATH\CodeIgniter.php(927): App\Controllers\DataSetup->shippingline()
 5 SYSTEMPATH\CodeIgniter.php(482): CodeIgniter\CodeIgniter->runController(Object(App\Controllers\DataSetup))
 6 SYSTEMPATH\CodeIgniter.php(351): CodeIgniter\CodeIgniter->handleRequest(null, Object(Config\Cache), false)
 7 FCPATH\index.php(67): CodeIgniter\CodeIgniter->run()
 8 SYSTEMPATH\Commands\Server\rewrite.php(46): require_once('FCPATH\\index.php')
ERROR - 2022-11-16 06:47:55 --> mysqli_sql_exception: Table 'db_aimtrack.tb_por_tline' doesn't exist in C:\xampp\htdocs\aimtrack-V.1\vendor\codeigniter4\framework\system\Database\MySQLi\Connection.php:292
Stack trace:
#0 C:\xampp\htdocs\aimtrack-V.1\vendor\codeigniter4\framework\system\Database\MySQLi\Connection.php(292): mysqli->query('SELECT id, port...', 0)
#1 C:\xampp\htdocs\aimtrack-V.1\vendor\codeigniter4\framework\system\Database\BaseConnection.php(666): CodeIgniter\Database\MySQLi\Connection->execute('SELECT id, port...')
#2 C:\xampp\htdocs\aimtrack-V.1\vendor\codeigniter4\framework\system\Database\BaseConnection.php(593): CodeIgniter\Database\BaseConnection->simpleQuery('SELECT id, port...')
#3 C:\xampp\htdocs\aimtrack-V.1\app\Models\DataSetupModel.php(109): CodeIgniter\Database\BaseConnection->query('SELECT id, port...')
#4 C:\xampp\htdocs\aimtrack-V.1\app\Controllers\DataSetup.php(125): App\Models\DataSetupModel->get_data_setup_portline()
#5 C:\xampp\htdocs\aimtrack-V.1\vendor\codeigniter4\framework\system\CodeIgniter.php(927): App\Controllers\DataSetup->get_data_setup_portline()
#6 C:\xampp\htdocs\aimtrack-V.1\vendor\codeigniter4\framework\system\CodeIgniter.php(482): CodeIgniter\CodeIgniter->runController(Object(App\Controllers\DataSetup))
#7 C:\xampp\htdocs\aimtrack-V.1\vendor\codeigniter4\framework\system\CodeIgniter.php(351): CodeIgniter\CodeIgniter->handleRequest(NULL, Object(Config\Cache), false)
#8 C:\xampp\htdocs\aimtrack-V.1\public\index.php(67): CodeIgniter\CodeIgniter->run()
#9 C:\xampp\htdocs\aimtrack-V.1\vendor\codeigniter4\framework\system\Commands\Server\rewrite.php(46): require_once('C:\\xampp\\htdocs...')
#10 {main}
CRITICAL - 2022-11-16 06:47:56 --> Call to a member function getResultArray() on bool
in APPPATH\Models\DataSetupModel.php on line 109.
 1 APPPATH\Controllers\DataSetup.php(125): App\Models\DataSetupModel->get_data_setup_portline()
 2 SYSTEMPATH\CodeIgniter.php(927): App\Controllers\DataSetup->get_data_setup_portline()
 3 SYSTEMPATH\CodeIgniter.php(482): CodeIgniter\CodeIgniter->runController(Object(App\Controllers\DataSetup))
 4 SYSTEMPATH\CodeIgniter.php(351): CodeIgniter\CodeIgniter->handleRequest(null, Object(Config\Cache), false)
 5 FCPATH\index.php(67): CodeIgniter\CodeIgniter->run()
 6 SYSTEMPATH\Commands\Server\rewrite.php(46): require_once('FCPATH\\index.php')
