ERROR - 2022-11-10 06:56:45 --> mysqli_sql_exception: You have an error in your SQL syntax; check the manual that corresponds to your MariaDB server version for the right syntax to use near '2' at line 1 in C:\xampp\htdocs\aimtrack-V.1\vendor\codeigniter4\framework\system\Database\MySQLi\Connection.php:292
Stack trace:
#0 C:\xampp\htdocs\aimtrack-V.1\vendor\codeigniter4\framework\system\Database\MySQLi\Connection.php(292): mysqli->query('SELECT * FROM b...', 0)
#1 C:\xampp\htdocs\aimtrack-V.1\vendor\codeigniter4\framework\system\Database\BaseConnection.php(666): CodeIgniter\Database\MySQLi\Connection->execute('SELECT * FROM b...')
#2 C:\xampp\htdocs\aimtrack-V.1\vendor\codeigniter4\framework\system\Database\BaseConnection.php(593): CodeIgniter\Database\BaseConnection->simpleQuery('SELECT * FROM b...')
#3 C:\xampp\htdocs\aimtrack-V.1\app\Controllers\Home.php(24): CodeIgniter\Database\BaseConnection->query('SELECT * FROM b...')
#4 C:\xampp\htdocs\aimtrack-V.1\vendor\codeigniter4\framework\system\CodeIgniter.php(927): App\Controllers\Home->get_data()
#5 C:\xampp\htdocs\aimtrack-V.1\vendor\codeigniter4\framework\system\CodeIgniter.php(482): CodeIgniter\CodeIgniter->runController(Object(App\Controllers\Home))
#6 C:\xampp\htdocs\aimtrack-V.1\vendor\codeigniter4\framework\system\CodeIgniter.php(351): CodeIgniter\CodeIgniter->handleRequest(NULL, Object(Config\Cache), false)
#7 C:\xampp\htdocs\aimtrack-V.1\public\index.php(67): CodeIgniter\CodeIgniter->run()
#8 C:\xampp\htdocs\aimtrack-V.1\vendor\codeigniter4\framework\system\Commands\Server\rewrite.php(46): require_once('C:\\xampp\\htdocs...')
#9 {main}
CRITICAL - 2022-11-10 06:56:46 --> Call to a member function getResultArray() on bool
in APPPATH\Controllers\Home.php on line 26.
 1 SYSTEMPATH\CodeIgniter.php(927): App\Controllers\Home->get_data()
 2 SYSTEMPATH\CodeIgniter.php(482): CodeIgniter\CodeIgniter->runController(Object(App\Controllers\Home))
 3 SYSTEMPATH\CodeIgniter.php(351): CodeIgniter\CodeIgniter->handleRequest(null, Object(Config\Cache), false)
 4 FCPATH\index.php(67): CodeIgniter\CodeIgniter->run()
 5 SYSTEMPATH\Commands\Server\rewrite.php(46): require_once('FCPATH\\index.php')
ERROR - 2022-11-10 06:59:28 --> mysqli_sql_exception: You have an error in your SQL syntax; check the manual that corresponds to your MariaDB server version for the right syntax to use near '2' at line 1 in C:\xampp\htdocs\aimtrack-V.1\vendor\codeigniter4\framework\system\Database\MySQLi\Connection.php:292
Stack trace:
#0 C:\xampp\htdocs\aimtrack-V.1\vendor\codeigniter4\framework\system\Database\MySQLi\Connection.php(292): mysqli->query('SELECT * FROM b...', 0)
#1 C:\xampp\htdocs\aimtrack-V.1\vendor\codeigniter4\framework\system\Database\BaseConnection.php(666): CodeIgniter\Database\MySQLi\Connection->execute('SELECT * FROM b...')
#2 C:\xampp\htdocs\aimtrack-V.1\vendor\codeigniter4\framework\system\Database\BaseConnection.php(593): CodeIgniter\Database\BaseConnection->simpleQuery('SELECT * FROM b...')
#3 C:\xampp\htdocs\aimtrack-V.1\app\Controllers\Home.php(25): CodeIgniter\Database\BaseConnection->query('SELECT * FROM b...')
#4 C:\xampp\htdocs\aimtrack-V.1\vendor\codeigniter4\framework\system\CodeIgniter.php(927): App\Controllers\Home->get_data()
#5 C:\xampp\htdocs\aimtrack-V.1\vendor\codeigniter4\framework\system\CodeIgniter.php(482): CodeIgniter\CodeIgniter->runController(Object(App\Controllers\Home))
#6 C:\xampp\htdocs\aimtrack-V.1\vendor\codeigniter4\framework\system\CodeIgniter.php(351): CodeIgniter\CodeIgniter->handleRequest(NULL, Object(Config\Cache), false)
#7 C:\xampp\htdocs\aimtrack-V.1\public\index.php(67): CodeIgniter\CodeIgniter->run()
#8 C:\xampp\htdocs\aimtrack-V.1\vendor\codeigniter4\framework\system\Commands\Server\rewrite.php(46): require_once('C:\\xampp\\htdocs...')
#9 {main}
CRITICAL - 2022-11-10 06:59:28 --> Call to a member function getResultArray() on bool
in APPPATH\Controllers\Home.php on line 27.
 1 SYSTEMPATH\CodeIgniter.php(927): App\Controllers\Home->get_data()
 2 SYSTEMPATH\CodeIgniter.php(482): CodeIgniter\CodeIgniter->runController(Object(App\Controllers\Home))
 3 SYSTEMPATH\CodeIgniter.php(351): CodeIgniter\CodeIgniter->handleRequest(null, Object(Config\Cache), false)
 4 FCPATH\index.php(67): CodeIgniter\CodeIgniter->run()
 5 SYSTEMPATH\Commands\Server\rewrite.php(46): require_once('FCPATH\\index.php')
ERROR - 2022-11-10 07:01:21 --> mysqli_sql_exception: You have an error in your SQL syntax; check the manual that corresponds to your MariaDB server version for the right syntax to use near '2' at line 1 in C:\xampp\htdocs\aimtrack-V.1\vendor\codeigniter4\framework\system\Database\MySQLi\Connection.php:292
Stack trace:
#0 C:\xampp\htdocs\aimtrack-V.1\vendor\codeigniter4\framework\system\Database\MySQLi\Connection.php(292): mysqli->query('SELECT * FROM b...', 0)
#1 C:\xampp\htdocs\aimtrack-V.1\vendor\codeigniter4\framework\system\Database\BaseConnection.php(666): CodeIgniter\Database\MySQLi\Connection->execute('SELECT * FROM b...')
#2 C:\xampp\htdocs\aimtrack-V.1\vendor\codeigniter4\framework\system\Database\BaseConnection.php(593): CodeIgniter\Database\BaseConnection->simpleQuery('SELECT * FROM b...')
#3 C:\xampp\htdocs\aimtrack-V.1\app\Controllers\Home.php(25): CodeIgniter\Database\BaseConnection->query('SELECT * FROM b...')
#4 C:\xampp\htdocs\aimtrack-V.1\vendor\codeigniter4\framework\system\CodeIgniter.php(927): App\Controllers\Home->get_data()
#5 C:\xampp\htdocs\aimtrack-V.1\vendor\codeigniter4\framework\system\CodeIgniter.php(482): CodeIgniter\CodeIgniter->runController(Object(App\Controllers\Home))
#6 C:\xampp\htdocs\aimtrack-V.1\vendor\codeigniter4\framework\system\CodeIgniter.php(351): CodeIgniter\CodeIgniter->handleRequest(NULL, Object(Config\Cache), false)
#7 C:\xampp\htdocs\aimtrack-V.1\public\index.php(67): CodeIgniter\CodeIgniter->run()
#8 C:\xampp\htdocs\aimtrack-V.1\vendor\codeigniter4\framework\system\Commands\Server\rewrite.php(46): require_once('C:\\xampp\\htdocs...')
#9 {main}
CRITICAL - 2022-11-10 07:01:22 --> Call to a member function getResultArray() on bool
in APPPATH\Controllers\Home.php on line 27.
 1 SYSTEMPATH\CodeIgniter.php(927): App\Controllers\Home->get_data()
 2 SYSTEMPATH\CodeIgniter.php(482): CodeIgniter\CodeIgniter->runController(Object(App\Controllers\Home))
 3 SYSTEMPATH\CodeIgniter.php(351): CodeIgniter\CodeIgniter->handleRequest(null, Object(Config\Cache), false)
 4 FCPATH\index.php(67): CodeIgniter\CodeIgniter->run()
 5 SYSTEMPATH\Commands\Server\rewrite.php(46): require_once('FCPATH\\index.php')
ERROR - 2022-11-10 07:02:27 --> mysqli_sql_exception: You have an error in your SQL syntax; check the manual that corresponds to your MariaDB server version for the right syntax to use near '2' at line 1 in C:\xampp\htdocs\aimtrack-V.1\vendor\codeigniter4\framework\system\Database\MySQLi\Connection.php:292
Stack trace:
#0 C:\xampp\htdocs\aimtrack-V.1\vendor\codeigniter4\framework\system\Database\MySQLi\Connection.php(292): mysqli->query('SELECT * FROM b...', 0)
#1 C:\xampp\htdocs\aimtrack-V.1\vendor\codeigniter4\framework\system\Database\BaseConnection.php(666): CodeIgniter\Database\MySQLi\Connection->execute('SELECT * FROM b...')
#2 C:\xampp\htdocs\aimtrack-V.1\vendor\codeigniter4\framework\system\Database\BaseConnection.php(593): CodeIgniter\Database\BaseConnection->simpleQuery('SELECT * FROM b...')
#3 C:\xampp\htdocs\aimtrack-V.1\app\Controllers\Home.php(25): CodeIgniter\Database\BaseConnection->query('SELECT * FROM b...')
#4 C:\xampp\htdocs\aimtrack-V.1\vendor\codeigniter4\framework\system\CodeIgniter.php(927): App\Controllers\Home->get_data()
#5 C:\xampp\htdocs\aimtrack-V.1\vendor\codeigniter4\framework\system\CodeIgniter.php(482): CodeIgniter\CodeIgniter->runController(Object(App\Controllers\Home))
#6 C:\xampp\htdocs\aimtrack-V.1\vendor\codeigniter4\framework\system\CodeIgniter.php(351): CodeIgniter\CodeIgniter->handleRequest(NULL, Object(Config\Cache), false)
#7 C:\xampp\htdocs\aimtrack-V.1\public\index.php(67): CodeIgniter\CodeIgniter->run()
#8 C:\xampp\htdocs\aimtrack-V.1\vendor\codeigniter4\framework\system\Commands\Server\rewrite.php(46): require_once('C:\\xampp\\htdocs...')
#9 {main}
CRITICAL - 2022-11-10 07:02:28 --> Call to a member function getResultArray() on bool
in APPPATH\Controllers\Home.php on line 27.
 1 SYSTEMPATH\CodeIgniter.php(927): App\Controllers\Home->get_data()
 2 SYSTEMPATH\CodeIgniter.php(482): CodeIgniter\CodeIgniter->runController(Object(App\Controllers\Home))
 3 SYSTEMPATH\CodeIgniter.php(351): CodeIgniter\CodeIgniter->handleRequest(null, Object(Config\Cache), false)
 4 FCPATH\index.php(67): CodeIgniter\CodeIgniter->run()
 5 SYSTEMPATH\Commands\Server\rewrite.php(46): require_once('FCPATH\\index.php')
ERROR - 2022-11-10 07:03:40 --> mysqli_sql_exception: You have an error in your SQL syntax; check the manual that corresponds to your MariaDB server version for the right syntax to use near '2' at line 1 in C:\xampp\htdocs\aimtrack-V.1\vendor\codeigniter4\framework\system\Database\MySQLi\Connection.php:292
Stack trace:
#0 C:\xampp\htdocs\aimtrack-V.1\vendor\codeigniter4\framework\system\Database\MySQLi\Connection.php(292): mysqli->query('SELECT * FROM b...', 0)
#1 C:\xampp\htdocs\aimtrack-V.1\vendor\codeigniter4\framework\system\Database\BaseConnection.php(666): CodeIgniter\Database\MySQLi\Connection->execute('SELECT * FROM b...')
#2 C:\xampp\htdocs\aimtrack-V.1\vendor\codeigniter4\framework\system\Database\BaseConnection.php(593): CodeIgniter\Database\BaseConnection->simpleQuery('SELECT * FROM b...')
#3 C:\xampp\htdocs\aimtrack-V.1\app\Controllers\Home.php(25): CodeIgniter\Database\BaseConnection->query('SELECT * FROM b...')
#4 C:\xampp\htdocs\aimtrack-V.1\vendor\codeigniter4\framework\system\CodeIgniter.php(927): App\Controllers\Home->get_data()
#5 C:\xampp\htdocs\aimtrack-V.1\vendor\codeigniter4\framework\system\CodeIgniter.php(482): CodeIgniter\CodeIgniter->runController(Object(App\Controllers\Home))
#6 C:\xampp\htdocs\aimtrack-V.1\vendor\codeigniter4\framework\system\CodeIgniter.php(351): CodeIgniter\CodeIgniter->handleRequest(NULL, Object(Config\Cache), false)
#7 C:\xampp\htdocs\aimtrack-V.1\public\index.php(67): CodeIgniter\CodeIgniter->run()
#8 C:\xampp\htdocs\aimtrack-V.1\vendor\codeigniter4\framework\system\Commands\Server\rewrite.php(46): require_once('C:\\xampp\\htdocs...')
#9 {main}
CRITICAL - 2022-11-10 07:03:40 --> Call to a member function getResultArray() on bool
in APPPATH\Controllers\Home.php on line 27.
 1 SYSTEMPATH\CodeIgniter.php(927): App\Controllers\Home->get_data()
 2 SYSTEMPATH\CodeIgniter.php(482): CodeIgniter\CodeIgniter->runController(Object(App\Controllers\Home))
 3 SYSTEMPATH\CodeIgniter.php(351): CodeIgniter\CodeIgniter->handleRequest(null, Object(Config\Cache), false)
 4 FCPATH\index.php(67): CodeIgniter\CodeIgniter->run()
 5 SYSTEMPATH\Commands\Server\rewrite.php(46): require_once('FCPATH\\index.php')
ERROR - 2022-11-10 08:30:03 --> mysqli_sql_exception: You have an error in your SQL syntax; check the manual that corresponds to your MariaDB server version for the right syntax to use near '2' at line 1 in C:\xampp\htdocs\aimtrack-V.1\vendor\codeigniter4\framework\system\Database\MySQLi\Connection.php:292
Stack trace:
#0 C:\xampp\htdocs\aimtrack-V.1\vendor\codeigniter4\framework\system\Database\MySQLi\Connection.php(292): mysqli->query('SELECT * FROM b...', 0)
#1 C:\xampp\htdocs\aimtrack-V.1\vendor\codeigniter4\framework\system\Database\BaseConnection.php(666): CodeIgniter\Database\MySQLi\Connection->execute('SELECT * FROM b...')
#2 C:\xampp\htdocs\aimtrack-V.1\vendor\codeigniter4\framework\system\Database\BaseConnection.php(593): CodeIgniter\Database\BaseConnection->simpleQuery('SELECT * FROM b...')
#3 C:\xampp\htdocs\aimtrack-V.1\app\Controllers\Home.php(25): CodeIgniter\Database\BaseConnection->query('SELECT * FROM b...')
#4 C:\xampp\htdocs\aimtrack-V.1\vendor\codeigniter4\framework\system\CodeIgniter.php(927): App\Controllers\Home->get_data()
#5 C:\xampp\htdocs\aimtrack-V.1\vendor\codeigniter4\framework\system\CodeIgniter.php(482): CodeIgniter\CodeIgniter->runController(Object(App\Controllers\Home))
#6 C:\xampp\htdocs\aimtrack-V.1\vendor\codeigniter4\framework\system\CodeIgniter.php(351): CodeIgniter\CodeIgniter->handleRequest(NULL, Object(Config\Cache), false)
#7 C:\xampp\htdocs\aimtrack-V.1\public\index.php(67): CodeIgniter\CodeIgniter->run()
#8 C:\xampp\htdocs\aimtrack-V.1\vendor\codeigniter4\framework\system\Commands\Server\rewrite.php(46): require_once('C:\\xampp\\htdocs...')
#9 {main}
CRITICAL - 2022-11-10 08:30:04 --> Call to a member function getResultArray() on bool
in APPPATH\Controllers\Home.php on line 27.
 1 SYSTEMPATH\CodeIgniter.php(927): App\Controllers\Home->get_data()
 2 SYSTEMPATH\CodeIgniter.php(482): CodeIgniter\CodeIgniter->runController(Object(App\Controllers\Home))
 3 SYSTEMPATH\CodeIgniter.php(351): CodeIgniter\CodeIgniter->handleRequest(null, Object(Config\Cache), false)
 4 FCPATH\index.php(67): CodeIgniter\CodeIgniter->run()
 5 SYSTEMPATH\Commands\Server\rewrite.php(46): require_once('FCPATH\\index.php')
