ERROR - 2022-11-17 08:32:55 --> mysqli_sql_exception: You have an error in your SQL syntax; check the manual that corresponds to your MariaDB server version for the right syntax to use near '?,?,?,?,?,?,?,?,?,?,?,?,?,?,?)' at line 5 in C:\xampp\htdocs\aimtrack-V.1\vendor\codeigniter4\framework\system\Database\MySQLi\Connection.php:292
Stack trace:
#0 C:\xampp\htdocs\aimtrack-V.1\vendor\codeigniter4\framework\system\Database\MySQLi\Connection.php(292): mysqli->query('INSERT INTO tb_...', 0)
#1 C:\xampp\htdocs\aimtrack-V.1\vendor\codeigniter4\framework\system\Database\BaseConnection.php(666): CodeIgniter\Database\MySQLi\Connection->execute('INSERT INTO tb_...')
#2 C:\xampp\htdocs\aimtrack-V.1\vendor\codeigniter4\framework\system\Database\BaseConnection.php(593): CodeIgniter\Database\BaseConnection->simpleQuery('INSERT INTO tb_...')
#3 C:\xampp\htdocs\aimtrack-V.1\app\Models\HomeModel.php(77): CodeIgniter\Database\BaseConnection->query('INSERT INTO tb_...', Array)
#4 C:\xampp\htdocs\aimtrack-V.1\app\Controllers\Home.php(75): App\Models\HomeModel->add_data_shipment(Array)
#5 C:\xampp\htdocs\aimtrack-V.1\vendor\codeigniter4\framework\system\CodeIgniter.php(927): App\Controllers\Home->add_data_shipment()
#6 C:\xampp\htdocs\aimtrack-V.1\vendor\codeigniter4\framework\system\CodeIgniter.php(482): CodeIgniter\CodeIgniter->runController(Object(App\Controllers\Home))
#7 C:\xampp\htdocs\aimtrack-V.1\vendor\codeigniter4\framework\system\CodeIgniter.php(351): CodeIgniter\CodeIgniter->handleRequest(NULL, Object(Config\Cache), false)
#8 C:\xampp\htdocs\aimtrack-V.1\public\index.php(67): CodeIgniter\CodeIgniter->run()
#9 C:\xampp\htdocs\aimtrack-V.1\vendor\codeigniter4\framework\system\Commands\Server\rewrite.php(46): require_once('C:\\xampp\\htdocs...')
#10 {main}
ERROR - 2022-11-17 08:53:57 --> mysqli_sql_exception: You have an error in your SQL syntax; check the manual that corresponds to your MariaDB server version for the right syntax to use near 'ORDER BY id DESC' at line 3 in C:\xampp\htdocs\aimtrack-V.1\vendor\codeigniter4\framework\system\Database\MySQLi\Connection.php:292
Stack trace:
#0 C:\xampp\htdocs\aimtrack-V.1\vendor\codeigniter4\framework\system\Database\MySQLi\Connection.php(292): mysqli->query('SELECT internal...', 0)
#1 C:\xampp\htdocs\aimtrack-V.1\vendor\codeigniter4\framework\system\Database\BaseConnection.php(666): CodeIgniter\Database\MySQLi\Connection->execute('SELECT internal...')
#2 C:\xampp\htdocs\aimtrack-V.1\vendor\codeigniter4\framework\system\Database\BaseConnection.php(593): CodeIgniter\Database\BaseConnection->simpleQuery('SELECT internal...')
#3 C:\xampp\htdocs\aimtrack-V.1\app\Models\HomeModel.php(28): CodeIgniter\Database\BaseConnection->query('SELECT internal...')
#4 C:\xampp\htdocs\aimtrack-V.1\app\Controllers\Home.php(38): App\Models\HomeModel->get_data_track_shipment(Array)
#5 C:\xampp\htdocs\aimtrack-V.1\vendor\codeigniter4\framework\system\CodeIgniter.php(927): App\Controllers\Home->get_data_track_shipment()
#6 C:\xampp\htdocs\aimtrack-V.1\vendor\codeigniter4\framework\system\CodeIgniter.php(482): CodeIgniter\CodeIgniter->runController(Object(App\Controllers\Home))
#7 C:\xampp\htdocs\aimtrack-V.1\vendor\codeigniter4\framework\system\CodeIgniter.php(351): CodeIgniter\CodeIgniter->handleRequest(NULL, Object(Config\Cache), false)
#8 C:\xampp\htdocs\aimtrack-V.1\public\index.php(67): CodeIgniter\CodeIgniter->run()
#9 C:\xampp\htdocs\aimtrack-V.1\vendor\codeigniter4\framework\system\Commands\Server\rewrite.php(46): require_once('C:\\xampp\\htdocs...')
#10 {main}
CRITICAL - 2022-11-17 08:53:57 --> Call to a member function getResultArray() on bool
in APPPATH\Models\HomeModel.php on line 29.
 1 APPPATH\Controllers\Home.php(38): App\Models\HomeModel->get_data_track_shipment([...])
 2 SYSTEMPATH\CodeIgniter.php(927): App\Controllers\Home->get_data_track_shipment()
 3 SYSTEMPATH\CodeIgniter.php(482): CodeIgniter\CodeIgniter->runController(Object(App\Controllers\Home))
 4 SYSTEMPATH\CodeIgniter.php(351): CodeIgniter\CodeIgniter->handleRequest(null, Object(Config\Cache), false)
 5 FCPATH\index.php(67): CodeIgniter\CodeIgniter->run()
 6 SYSTEMPATH\Commands\Server\rewrite.php(46): require_once('FCPATH\\index.php')
ERROR - 2022-11-17 08:55:28 --> mysqli_sql_exception: You have an error in your SQL syntax; check the manual that corresponds to your MariaDB server version for the right syntax to use near 'ORDER BY id DESC' at line 1 in C:\xampp\htdocs\aimtrack-V.1\vendor\codeigniter4\framework\system\Database\MySQLi\Connection.php:292
Stack trace:
#0 C:\xampp\htdocs\aimtrack-V.1\vendor\codeigniter4\framework\system\Database\MySQLi\Connection.php(292): mysqli->query('SELECT internal...', 0)
#1 C:\xampp\htdocs\aimtrack-V.1\vendor\codeigniter4\framework\system\Database\BaseConnection.php(666): CodeIgniter\Database\MySQLi\Connection->execute('SELECT internal...')
#2 C:\xampp\htdocs\aimtrack-V.1\vendor\codeigniter4\framework\system\Database\BaseConnection.php(593): CodeIgniter\Database\BaseConnection->simpleQuery('SELECT internal...')
#3 C:\xampp\htdocs\aimtrack-V.1\app\Models\HomeModel.php(26): CodeIgniter\Database\BaseConnection->query('SELECT internal...')
#4 C:\xampp\htdocs\aimtrack-V.1\app\Controllers\Home.php(38): App\Models\HomeModel->get_data_track_shipment(Array)
#5 C:\xampp\htdocs\aimtrack-V.1\vendor\codeigniter4\framework\system\CodeIgniter.php(927): App\Controllers\Home->get_data_track_shipment()
#6 C:\xampp\htdocs\aimtrack-V.1\vendor\codeigniter4\framework\system\CodeIgniter.php(482): CodeIgniter\CodeIgniter->runController(Object(App\Controllers\Home))
#7 C:\xampp\htdocs\aimtrack-V.1\vendor\codeigniter4\framework\system\CodeIgniter.php(351): CodeIgniter\CodeIgniter->handleRequest(NULL, Object(Config\Cache), false)
#8 C:\xampp\htdocs\aimtrack-V.1\public\index.php(67): CodeIgniter\CodeIgniter->run()
#9 C:\xampp\htdocs\aimtrack-V.1\vendor\codeigniter4\framework\system\Commands\Server\rewrite.php(46): require_once('C:\\xampp\\htdocs...')
#10 {main}
CRITICAL - 2022-11-17 08:55:28 --> Call to a member function getResultArray() on bool
in APPPATH\Models\HomeModel.php on line 27.
 1 APPPATH\Controllers\Home.php(38): App\Models\HomeModel->get_data_track_shipment([...])
 2 SYSTEMPATH\CodeIgniter.php(927): App\Controllers\Home->get_data_track_shipment()
 3 SYSTEMPATH\CodeIgniter.php(482): CodeIgniter\CodeIgniter->runController(Object(App\Controllers\Home))
 4 SYSTEMPATH\CodeIgniter.php(351): CodeIgniter\CodeIgniter->handleRequest(null, Object(Config\Cache), false)
 5 FCPATH\index.php(67): CodeIgniter\CodeIgniter->run()
 6 SYSTEMPATH\Commands\Server\rewrite.php(46): require_once('FCPATH\\index.php')
CRITICAL - 2022-11-17 09:21:49 --> Too few arguments to function App\Models\HomeModel::get_data_track_shipment_count_all(), 0 passed in C:\xampp\htdocs\aimtrack-V.1\app\Controllers\Home.php on line 41 and exactly 1 expected
in APPPATH\Models\HomeModel.php on line 32.
 1 APPPATH\Controllers\Home.php(41): App\Models\HomeModel->get_data_track_shipment_count_all()
 2 SYSTEMPATH\CodeIgniter.php(927): App\Controllers\Home->get_data_track_shipment()
 3 SYSTEMPATH\CodeIgniter.php(482): CodeIgniter\CodeIgniter->runController(Object(App\Controllers\Home))
 4 SYSTEMPATH\CodeIgniter.php(351): CodeIgniter\CodeIgniter->handleRequest(null, Object(Config\Cache), false)
 5 FCPATH\index.php(67): CodeIgniter\CodeIgniter->run()
 6 SYSTEMPATH\Commands\Server\rewrite.php(46): require_once('FCPATH\\index.php')
CRITICAL - 2022-11-17 09:23:20 --> Too few arguments to function App\Models\HomeModel::get_data_track_shipment_count_all(), 0 passed in C:\xampp\htdocs\aimtrack-V.1\app\Controllers\Home.php on line 41 and exactly 1 expected
in APPPATH\Models\HomeModel.php on line 32.
 1 APPPATH\Controllers\Home.php(41): App\Models\HomeModel->get_data_track_shipment_count_all()
 2 SYSTEMPATH\CodeIgniter.php(927): App\Controllers\Home->get_data_track_shipment()
 3 SYSTEMPATH\CodeIgniter.php(482): CodeIgniter\CodeIgniter->runController(Object(App\Controllers\Home))
 4 SYSTEMPATH\CodeIgniter.php(351): CodeIgniter\CodeIgniter->handleRequest(null, Object(Config\Cache), false)
 5 FCPATH\index.php(67): CodeIgniter\CodeIgniter->run()
 6 SYSTEMPATH\Commands\Server\rewrite.php(46): require_once('FCPATH\\index.php')
CRITICAL - 2022-11-17 09:24:00 --> Too few arguments to function App\Models\HomeModel::get_data_track_shipment_count_all(), 0 passed in C:\xampp\htdocs\aimtrack-V.1\app\Controllers\Home.php on line 41 and exactly 1 expected
in APPPATH\Models\HomeModel.php on line 32.
 1 APPPATH\Controllers\Home.php(41): App\Models\HomeModel->get_data_track_shipment_count_all()
 2 SYSTEMPATH\CodeIgniter.php(927): App\Controllers\Home->get_data_track_shipment()
 3 SYSTEMPATH\CodeIgniter.php(482): CodeIgniter\CodeIgniter->runController(Object(App\Controllers\Home))
 4 SYSTEMPATH\CodeIgniter.php(351): CodeIgniter\CodeIgniter->handleRequest(null, Object(Config\Cache), false)
 5 FCPATH\index.php(67): CodeIgniter\CodeIgniter->run()
 6 SYSTEMPATH\Commands\Server\rewrite.php(46): require_once('FCPATH\\index.php')
CRITICAL - 2022-11-17 09:25:39 --> Too few arguments to function App\Models\HomeModel::get_data_track_shipment_count_all(), 0 passed in C:\xampp\htdocs\aimtrack-V.1\app\Controllers\Home.php on line 41 and exactly 1 expected
in APPPATH\Models\HomeModel.php on line 32.
 1 APPPATH\Controllers\Home.php(41): App\Models\HomeModel->get_data_track_shipment_count_all()
 2 SYSTEMPATH\CodeIgniter.php(927): App\Controllers\Home->get_data_track_shipment()
 3 SYSTEMPATH\CodeIgniter.php(482): CodeIgniter\CodeIgniter->runController(Object(App\Controllers\Home))
 4 SYSTEMPATH\CodeIgniter.php(351): CodeIgniter\CodeIgniter->handleRequest(null, Object(Config\Cache), false)
 5 FCPATH\index.php(67): CodeIgniter\CodeIgniter->run()
 6 SYSTEMPATH\Commands\Server\rewrite.php(46): require_once('FCPATH\\index.php')
CRITICAL - 2022-11-17 09:53:32 --> `App\Models\HomeModel` model class does not specify a Primary Key.
in SYSTEMPATH\Model.php on line 577.
 1 SYSTEMPATH\Model.php(577): CodeIgniter\Exceptions\ModelException::forNoPrimaryKey('App\\Models\\HomeModel')
 2 SYSTEMPATH\Model.php(764): CodeIgniter\Model->builder()
 3 APPPATH\Controllers\Home.php(41): CodeIgniter\Model->__call('get_data_track_shipment_count_all', [])
 4 SYSTEMPATH\CodeIgniter.php(927): App\Controllers\Home->get_data_track_shipment()
 5 SYSTEMPATH\CodeIgniter.php(482): CodeIgniter\CodeIgniter->runController(Object(App\Controllers\Home))
 6 SYSTEMPATH\CodeIgniter.php(351): CodeIgniter\CodeIgniter->handleRequest(null, Object(Config\Cache), false)
 7 FCPATH\index.php(67): CodeIgniter\CodeIgniter->run()
 8 SYSTEMPATH\Commands\Server\rewrite.php(46): require_once('FCPATH\\index.php')
CRITICAL - 2022-11-17 09:54:42 --> `App\Models\HomeModel` model class does not specify a Primary Key.
in SYSTEMPATH\Model.php on line 577.
 1 SYSTEMPATH\Model.php(577): CodeIgniter\Exceptions\ModelException::forNoPrimaryKey('App\\Models\\HomeModel')
 2 SYSTEMPATH\Model.php(764): CodeIgniter\Model->builder()
 3 APPPATH\Controllers\Home.php(41): CodeIgniter\Model->__call('get_data_track_shipment_count_all', [])
 4 SYSTEMPATH\CodeIgniter.php(927): App\Controllers\Home->get_data_track_shipment()
 5 SYSTEMPATH\CodeIgniter.php(482): CodeIgniter\CodeIgniter->runController(Object(App\Controllers\Home))
 6 SYSTEMPATH\CodeIgniter.php(351): CodeIgniter\CodeIgniter->handleRequest(null, Object(Config\Cache), false)
 7 FCPATH\index.php(67): CodeIgniter\CodeIgniter->run()
 8 SYSTEMPATH\Commands\Server\rewrite.php(46): require_once('FCPATH\\index.php')
CRITICAL - 2022-11-17 09:55:24 --> `App\Models\HomeModel` model class does not specify a Primary Key.
in SYSTEMPATH\Model.php on line 577.
 1 SYSTEMPATH\Model.php(577): CodeIgniter\Exceptions\ModelException::forNoPrimaryKey('App\\Models\\HomeModel')
 2 SYSTEMPATH\Model.php(764): CodeIgniter\Model->builder()
 3 APPPATH\Controllers\Home.php(41): CodeIgniter\Model->__call('get_data_track_shipment_count_all', [])
 4 SYSTEMPATH\CodeIgniter.php(927): App\Controllers\Home->get_data_track_shipment()
 5 SYSTEMPATH\CodeIgniter.php(482): CodeIgniter\CodeIgniter->runController(Object(App\Controllers\Home))
 6 SYSTEMPATH\CodeIgniter.php(351): CodeIgniter\CodeIgniter->handleRequest(null, Object(Config\Cache), false)
 7 FCPATH\index.php(67): CodeIgniter\CodeIgniter->run()
 8 SYSTEMPATH\Commands\Server\rewrite.php(46): require_once('FCPATH\\index.php')
ERROR - 2022-11-17 09:56:48 --> mysqli_sql_exception: You have an error in your SQL syntax; check the manual that corresponds to your MariaDB server version for the right syntax to use near '-3,3' at line 1 in C:\xampp\htdocs\aimtrack-V.1\vendor\codeigniter4\framework\system\Database\MySQLi\Connection.php:292
Stack trace:
#0 C:\xampp\htdocs\aimtrack-V.1\vendor\codeigniter4\framework\system\Database\MySQLi\Connection.php(292): mysqli->query('SELECT internal...', 0)
#1 C:\xampp\htdocs\aimtrack-V.1\vendor\codeigniter4\framework\system\Database\BaseConnection.php(666): CodeIgniter\Database\MySQLi\Connection->execute('SELECT internal...')
#2 C:\xampp\htdocs\aimtrack-V.1\vendor\codeigniter4\framework\system\Database\BaseConnection.php(593): CodeIgniter\Database\BaseConnection->simpleQuery('SELECT internal...')
#3 C:\xampp\htdocs\aimtrack-V.1\app\Models\HomeModel.php(26): CodeIgniter\Database\BaseConnection->query('SELECT internal...')
#4 C:\xampp\htdocs\aimtrack-V.1\app\Controllers\Home.php(40): App\Models\HomeModel->get_data_track_shipment(Array)
#5 C:\xampp\htdocs\aimtrack-V.1\vendor\codeigniter4\framework\system\CodeIgniter.php(927): App\Controllers\Home->get_data_track_shipment()
#6 C:\xampp\htdocs\aimtrack-V.1\vendor\codeigniter4\framework\system\CodeIgniter.php(482): CodeIgniter\CodeIgniter->runController(Object(App\Controllers\Home))
#7 C:\xampp\htdocs\aimtrack-V.1\vendor\codeigniter4\framework\system\CodeIgniter.php(351): CodeIgniter\CodeIgniter->handleRequest(NULL, Object(Config\Cache), false)
#8 C:\xampp\htdocs\aimtrack-V.1\public\index.php(67): CodeIgniter\CodeIgniter->run()
#9 C:\xampp\htdocs\aimtrack-V.1\vendor\codeigniter4\framework\system\Commands\Server\rewrite.php(46): require_once('C:\\xampp\\htdocs...')
#10 {main}
CRITICAL - 2022-11-17 09:56:48 --> Call to a member function getResultArray() on bool
in APPPATH\Models\HomeModel.php on line 27.
 1 APPPATH\Controllers\Home.php(40): App\Models\HomeModel->get_data_track_shipment([...])
 2 SYSTEMPATH\CodeIgniter.php(927): App\Controllers\Home->get_data_track_shipment()
 3 SYSTEMPATH\CodeIgniter.php(482): CodeIgniter\CodeIgniter->runController(Object(App\Controllers\Home))
 4 SYSTEMPATH\CodeIgniter.php(351): CodeIgniter\CodeIgniter->handleRequest(null, Object(Config\Cache), false)
 5 FCPATH\index.php(67): CodeIgniter\CodeIgniter->run()
 6 SYSTEMPATH\Commands\Server\rewrite.php(46): require_once('FCPATH\\index.php')
ERROR - 2022-11-17 09:57:41 --> mysqli_sql_exception: You have an error in your SQL syntax; check the manual that corresponds to your MariaDB server version for the right syntax to use near '-3,3' at line 1 in C:\xampp\htdocs\aimtrack-V.1\vendor\codeigniter4\framework\system\Database\MySQLi\Connection.php:292
Stack trace:
#0 C:\xampp\htdocs\aimtrack-V.1\vendor\codeigniter4\framework\system\Database\MySQLi\Connection.php(292): mysqli->query('SELECT internal...', 0)
#1 C:\xampp\htdocs\aimtrack-V.1\vendor\codeigniter4\framework\system\Database\BaseConnection.php(666): CodeIgniter\Database\MySQLi\Connection->execute('SELECT internal...')
#2 C:\xampp\htdocs\aimtrack-V.1\vendor\codeigniter4\framework\system\Database\BaseConnection.php(593): CodeIgniter\Database\BaseConnection->simpleQuery('SELECT internal...')
#3 C:\xampp\htdocs\aimtrack-V.1\app\Models\HomeModel.php(26): CodeIgniter\Database\BaseConnection->query('SELECT internal...')
#4 C:\xampp\htdocs\aimtrack-V.1\app\Controllers\Home.php(40): App\Models\HomeModel->get_data_track_shipment(Array)
#5 C:\xampp\htdocs\aimtrack-V.1\vendor\codeigniter4\framework\system\CodeIgniter.php(927): App\Controllers\Home->get_data_track_shipment()
#6 C:\xampp\htdocs\aimtrack-V.1\vendor\codeigniter4\framework\system\CodeIgniter.php(482): CodeIgniter\CodeIgniter->runController(Object(App\Controllers\Home))
#7 C:\xampp\htdocs\aimtrack-V.1\vendor\codeigniter4\framework\system\CodeIgniter.php(351): CodeIgniter\CodeIgniter->handleRequest(NULL, Object(Config\Cache), false)
#8 C:\xampp\htdocs\aimtrack-V.1\public\index.php(67): CodeIgniter\CodeIgniter->run()
#9 C:\xampp\htdocs\aimtrack-V.1\vendor\codeigniter4\framework\system\Commands\Server\rewrite.php(46): require_once('C:\\xampp\\htdocs...')
#10 {main}
CRITICAL - 2022-11-17 09:57:42 --> Call to a member function getResultArray() on bool
in APPPATH\Models\HomeModel.php on line 27.
 1 APPPATH\Controllers\Home.php(40): App\Models\HomeModel->get_data_track_shipment([...])
 2 SYSTEMPATH\CodeIgniter.php(927): App\Controllers\Home->get_data_track_shipment()
 3 SYSTEMPATH\CodeIgniter.php(482): CodeIgniter\CodeIgniter->runController(Object(App\Controllers\Home))
 4 SYSTEMPATH\CodeIgniter.php(351): CodeIgniter\CodeIgniter->handleRequest(null, Object(Config\Cache), false)
 5 FCPATH\index.php(67): CodeIgniter\CodeIgniter->run()
 6 SYSTEMPATH\Commands\Server\rewrite.php(46): require_once('FCPATH\\index.php')
CRITICAL - 2022-11-17 10:09:27 --> Call to undefined function set_value()
in APPPATH\Views\auth\registerView.php on line 59.
 1 SYSTEMPATH\View\View.php(213): include()
 2 SYSTEMPATH\View\View.php(216): CodeIgniter\View\View->CodeIgniter\View\{closure}()
 3 SYSTEMPATH\Common.php(1134): CodeIgniter\View\View->render('auth/registerView', [], true)
 4 APPPATH\Controllers\Auth.php(16): view('auth/registerView')
 5 SYSTEMPATH\CodeIgniter.php(927): App\Controllers\Auth->register()
 6 SYSTEMPATH\CodeIgniter.php(482): CodeIgniter\CodeIgniter->runController(Object(App\Controllers\Auth))
 7 SYSTEMPATH\CodeIgniter.php(351): CodeIgniter\CodeIgniter->handleRequest(null, Object(Config\Cache), false)
 8 FCPATH\index.php(67): CodeIgniter\CodeIgniter->run()
 9 SYSTEMPATH\Commands\Server\rewrite.php(46): require_once('FCPATH\\index.php')
CRITICAL - 2022-11-17 10:09:37 --> Call to undefined function set_value()
in APPPATH\Views\auth\registerView.php on line 59.
 1 SYSTEMPATH\View\View.php(213): include()
 2 SYSTEMPATH\View\View.php(216): CodeIgniter\View\View->CodeIgniter\View\{closure}()
 3 SYSTEMPATH\Common.php(1134): CodeIgniter\View\View->render('auth/registerView', [], true)
 4 APPPATH\Controllers\Auth.php(16): view('auth/registerView')
 5 SYSTEMPATH\CodeIgniter.php(927): App\Controllers\Auth->register()
 6 SYSTEMPATH\CodeIgniter.php(482): CodeIgniter\CodeIgniter->runController(Object(App\Controllers\Auth))
 7 SYSTEMPATH\CodeIgniter.php(351): CodeIgniter\CodeIgniter->handleRequest(null, Object(Config\Cache), false)
 8 FCPATH\index.php(67): CodeIgniter\CodeIgniter->run()
 9 SYSTEMPATH\Commands\Server\rewrite.php(46): require_once('FCPATH\\index.php')
CRITICAL - 2022-11-17 10:10:56 --> Call to undefined function set_value()
in APPPATH\Views\auth\registerView.php on line 57.
 1 SYSTEMPATH\View\View.php(213): include()
 2 SYSTEMPATH\View\View.php(216): CodeIgniter\View\View->CodeIgniter\View\{closure}()
 3 SYSTEMPATH\Common.php(1134): CodeIgniter\View\View->render('auth/registerView', [], true)
 4 APPPATH\Controllers\Auth.php(16): view('auth/registerView')
 5 SYSTEMPATH\CodeIgniter.php(927): App\Controllers\Auth->register()
 6 SYSTEMPATH\CodeIgniter.php(482): CodeIgniter\CodeIgniter->runController(Object(App\Controllers\Auth))
 7 SYSTEMPATH\CodeIgniter.php(351): CodeIgniter\CodeIgniter->handleRequest(null, Object(Config\Cache), false)
 8 FCPATH\index.php(67): CodeIgniter\CodeIgniter->run()
 9 SYSTEMPATH\Commands\Server\rewrite.php(46): require_once('FCPATH\\index.php')
CRITICAL - 2022-11-17 10:12:15 --> Call to undefined function set_value()
in APPPATH\Views\auth\registerView.php on line 56.
 1 SYSTEMPATH\View\View.php(213): include()
 2 SYSTEMPATH\View\View.php(216): CodeIgniter\View\View->CodeIgniter\View\{closure}()
 3 SYSTEMPATH\Common.php(1134): CodeIgniter\View\View->render('auth/registerView', [], true)
 4 APPPATH\Controllers\Auth.php(16): view('auth/registerView')
 5 SYSTEMPATH\CodeIgniter.php(927): App\Controllers\Auth->register()
 6 SYSTEMPATH\CodeIgniter.php(482): CodeIgniter\CodeIgniter->runController(Object(App\Controllers\Auth))
 7 SYSTEMPATH\CodeIgniter.php(351): CodeIgniter\CodeIgniter->handleRequest(null, Object(Config\Cache), false)
 8 FCPATH\index.php(67): CodeIgniter\CodeIgniter->run()
 9 SYSTEMPATH\Commands\Server\rewrite.php(46): require_once('FCPATH\\index.php')
CRITICAL - 2022-11-17 10:29:57 --> `App\Models\UserModel` model class does not specify a Primary Key.
in SYSTEMPATH\Model.php on line 577.
 1 SYSTEMPATH\Model.php(577): CodeIgniter\Exceptions\ModelException::forNoPrimaryKey('App\\Models\\UserModel')
 2 SYSTEMPATH\Model.php(764): CodeIgniter\Model->builder()
 3 APPPATH\Controllers\Auth.php(55): CodeIgniter\Model->__call('where', [...])
 4 SYSTEMPATH\CodeIgniter.php(927): App\Controllers\Auth->login()
 5 SYSTEMPATH\CodeIgniter.php(482): CodeIgniter\CodeIgniter->runController(Object(App\Controllers\Auth))
 6 SYSTEMPATH\CodeIgniter.php(351): CodeIgniter\CodeIgniter->handleRequest(null, Object(Config\Cache), false)
 7 FCPATH\index.php(67): CodeIgniter\CodeIgniter->run()
 8 SYSTEMPATH\Commands\Server\rewrite.php(46): require_once('FCPATH\\index.php')
CRITICAL - 2022-11-17 10:32:03 --> `App\Models\UserModel` model class does not specify a Primary Key.
in SYSTEMPATH\Model.php on line 577.
 1 SYSTEMPATH\Model.php(577): CodeIgniter\Exceptions\ModelException::forNoPrimaryKey('App\\Models\\UserModel')
 2 SYSTEMPATH\Model.php(764): CodeIgniter\Model->builder()
 3 APPPATH\Controllers\Auth.php(55): CodeIgniter\Model->__call('where', [...])
 4 SYSTEMPATH\CodeIgniter.php(927): App\Controllers\Auth->login()
 5 SYSTEMPATH\CodeIgniter.php(482): CodeIgniter\CodeIgniter->runController(Object(App\Controllers\Auth))
 6 SYSTEMPATH\CodeIgniter.php(351): CodeIgniter\CodeIgniter->handleRequest(null, Object(Config\Cache), false)
 7 FCPATH\index.php(67): CodeIgniter\CodeIgniter->run()
 8 SYSTEMPATH\Commands\Server\rewrite.php(46): require_once('FCPATH\\index.php')
CRITICAL - 2022-11-17 10:33:48 --> `App\Models\UserModel` model class does not specify a Primary Key.
in SYSTEMPATH\Model.php on line 577.
 1 SYSTEMPATH\Model.php(577): CodeIgniter\Exceptions\ModelException::forNoPrimaryKey('App\\Models\\UserModel')
 2 SYSTEMPATH\Model.php(764): CodeIgniter\Model->builder()
 3 APPPATH\Controllers\Auth.php(55): CodeIgniter\Model->__call('where', [...])
 4 SYSTEMPATH\CodeIgniter.php(927): App\Controllers\Auth->login()
 5 SYSTEMPATH\CodeIgniter.php(482): CodeIgniter\CodeIgniter->runController(Object(App\Controllers\Auth))
 6 SYSTEMPATH\CodeIgniter.php(351): CodeIgniter\CodeIgniter->handleRequest(null, Object(Config\Cache), false)
 7 FCPATH\index.php(67): CodeIgniter\CodeIgniter->run()
 8 SYSTEMPATH\Commands\Server\rewrite.php(46): require_once('FCPATH\\index.php')
CRITICAL - 2022-11-17 10:34:03 --> `App\Models\UserModel` model class does not specify a Primary Key.
in SYSTEMPATH\Model.php on line 577.
 1 SYSTEMPATH\Model.php(577): CodeIgniter\Exceptions\ModelException::forNoPrimaryKey('App\\Models\\UserModel')
 2 SYSTEMPATH\Model.php(764): CodeIgniter\Model->builder()
 3 APPPATH\Controllers\Auth.php(55): CodeIgniter\Model->__call('where', [...])
 4 SYSTEMPATH\CodeIgniter.php(927): App\Controllers\Auth->login()
 5 SYSTEMPATH\CodeIgniter.php(482): CodeIgniter\CodeIgniter->runController(Object(App\Controllers\Auth))
 6 SYSTEMPATH\CodeIgniter.php(351): CodeIgniter\CodeIgniter->handleRequest(null, Object(Config\Cache), false)
 7 FCPATH\index.php(67): CodeIgniter\CodeIgniter->run()
 8 SYSTEMPATH\Commands\Server\rewrite.php(46): require_once('FCPATH\\index.php')
CRITICAL - 2022-11-17 10:37:19 --> Invalid file: register.php
in SYSTEMPATH\Exceptions\FrameworkException.php on line 33.
 1 SYSTEMPATH\View\View.php(201): CodeIgniter\Exceptions\FrameworkException::forInvalidFile('register.php')
 2 SYSTEMPATH\Common.php(1134): CodeIgniter\View\View->render('register', [], true)
 3 APPPATH\Controllers\Auth.php(45): view('register', [...])
 4 SYSTEMPATH\CodeIgniter.php(927): App\Controllers\Auth->add_register()
 5 SYSTEMPATH\CodeIgniter.php(482): CodeIgniter\CodeIgniter->runController(Object(App\Controllers\Auth))
 6 SYSTEMPATH\CodeIgniter.php(351): CodeIgniter\CodeIgniter->handleRequest(null, Object(Config\Cache), false)
 7 FCPATH\index.php(67): CodeIgniter\CodeIgniter->run()
 8 SYSTEMPATH\Commands\Server\rewrite.php(46): require_once('FCPATH\\index.php')
