CRITICAL - 2022-11-22 07:15:17 --> Call to a member function get_data_activity() on null
in APPPATH\Controllers\Tracking.php on line 21.
 1 SYSTEMPATH\CodeIgniter.php(927): App\Controllers\Tracking->get_data_dropdown()
 2 SYSTEMPATH\CodeIgniter.php(482): CodeIgniter\CodeIgniter->runController(Object(App\Controllers\Tracking))
 3 SYSTEMPATH\CodeIgniter.php(351): CodeIgniter\CodeIgniter->handleRequest(null, Object(Config\Cache), false)
 4 FCPATH\index.php(67): CodeIgniter\CodeIgniter->run()
 5 SYSTEMPATH\Commands\Server\rewrite.php(46): require_once('FCPATH\\index.php')
CRITICAL - 2022-11-22 07:17:45 --> Call to a member function get_data_activity() on null
in APPPATH\Controllers\Tracking.php on line 28.
 1 SYSTEMPATH\CodeIgniter.php(927): App\Controllers\Tracking->get_data_dropdown()
 2 SYSTEMPATH\CodeIgniter.php(482): CodeIgniter\CodeIgniter->runController(Object(App\Controllers\Tracking))
 3 SYSTEMPATH\CodeIgniter.php(351): CodeIgniter\CodeIgniter->handleRequest(null, Object(Config\Cache), false)
 4 FCPATH\index.php(67): CodeIgniter\CodeIgniter->run()
 5 SYSTEMPATH\Commands\Server\rewrite.php(46): require_once('FCPATH\\index.php')
CRITICAL - 2022-11-22 07:18:17 --> Call to a member function get_data_activity() on null
in APPPATH\Controllers\Tracking.php on line 28.
 1 SYSTEMPATH\CodeIgniter.php(927): App\Controllers\Tracking->get_data_dropdown()
 2 SYSTEMPATH\CodeIgniter.php(482): CodeIgniter\CodeIgniter->runController(Object(App\Controllers\Tracking))
 3 SYSTEMPATH\CodeIgniter.php(351): CodeIgniter\CodeIgniter->handleRequest(null, Object(Config\Cache), false)
 4 FCPATH\index.php(67): CodeIgniter\CodeIgniter->run()
 5 SYSTEMPATH\Commands\Server\rewrite.php(46): require_once('FCPATH\\index.php')
CRITICAL - 2022-11-22 07:53:26 --> `App\Models\TrackingModel` model class does not specify a Primary Key.
in SYSTEMPATH\Model.php on line 577.
 1 SYSTEMPATH\Model.php(577): CodeIgniter\Exceptions\ModelException::forNoPrimaryKey('App\\Models\\TrackingModel')
 2 SYSTEMPATH\Model.php(764): CodeIgniter\Model->builder()
 3 APPPATH\Controllers\Tracking.php(29): CodeIgniter\Model->__call('get_data_trackshipment', [])
 4 SYSTEMPATH\CodeIgniter.php(927): App\Controllers\Tracking->get_data_track_shipment()
 5 SYSTEMPATH\CodeIgniter.php(482): CodeIgniter\CodeIgniter->runController(Object(App\Controllers\Tracking))
 6 SYSTEMPATH\CodeIgniter.php(351): CodeIgniter\CodeIgniter->handleRequest(null, Object(Config\Cache), false)
 7 FCPATH\index.php(67): CodeIgniter\CodeIgniter->run()
 8 SYSTEMPATH\Commands\Server\rewrite.php(46): require_once('FCPATH\\index.php')
CRITICAL - 2022-11-22 07:54:32 --> `App\Models\TrackingModel` model class does not specify a Primary Key.
in SYSTEMPATH\Model.php on line 577.
 1 SYSTEMPATH\Model.php(577): CodeIgniter\Exceptions\ModelException::forNoPrimaryKey('App\\Models\\TrackingModel')
 2 SYSTEMPATH\Model.php(764): CodeIgniter\Model->builder()
 3 APPPATH\Controllers\Tracking.php(30): CodeIgniter\Model->__call('get_data_trackshipment', [...])
 4 SYSTEMPATH\CodeIgniter.php(927): App\Controllers\Tracking->get_data_track_shipment()
 5 SYSTEMPATH\CodeIgniter.php(482): CodeIgniter\CodeIgniter->runController(Object(App\Controllers\Tracking))
 6 SYSTEMPATH\CodeIgniter.php(351): CodeIgniter\CodeIgniter->handleRequest(null, Object(Config\Cache), false)
 7 FCPATH\index.php(67): CodeIgniter\CodeIgniter->run()
 8 SYSTEMPATH\Commands\Server\rewrite.php(46): require_once('FCPATH\\index.php')
ERROR - 2022-11-22 08:02:49 --> mysqli_sql_exception: Column 'id' in where clause is ambiguous in C:\xampp\htdocs\aimtrack-V.1\vendor\codeigniter4\framework\system\Database\MySQLi\Connection.php:292
Stack trace:
#0 C:\xampp\htdocs\aimtrack-V.1\vendor\codeigniter4\framework\system\Database\MySQLi\Connection.php(292): mysqli->query('SELECT a.intern...', 0)
#1 C:\xampp\htdocs\aimtrack-V.1\vendor\codeigniter4\framework\system\Database\BaseConnection.php(666): CodeIgniter\Database\MySQLi\Connection->execute('SELECT a.intern...')
#2 C:\xampp\htdocs\aimtrack-V.1\vendor\codeigniter4\framework\system\Database\BaseConnection.php(593): CodeIgniter\Database\BaseConnection->simpleQuery('SELECT a.intern...')
#3 C:\xampp\htdocs\aimtrack-V.1\app\Models\TrackingModel.php(29): CodeIgniter\Database\BaseConnection->query('SELECT a.intern...')
#4 C:\xampp\htdocs\aimtrack-V.1\app\Controllers\Tracking.php(30): App\Models\TrackingModel->get_data_track_shipment('20')
#5 C:\xampp\htdocs\aimtrack-V.1\vendor\codeigniter4\framework\system\CodeIgniter.php(927): App\Controllers\Tracking->get_data_track_shipment()
#6 C:\xampp\htdocs\aimtrack-V.1\vendor\codeigniter4\framework\system\CodeIgniter.php(482): CodeIgniter\CodeIgniter->runController(Object(App\Controllers\Tracking))
#7 C:\xampp\htdocs\aimtrack-V.1\vendor\codeigniter4\framework\system\CodeIgniter.php(351): CodeIgniter\CodeIgniter->handleRequest(NULL, Object(Config\Cache), false)
#8 C:\xampp\htdocs\aimtrack-V.1\public\index.php(67): CodeIgniter\CodeIgniter->run()
#9 C:\xampp\htdocs\aimtrack-V.1\vendor\codeigniter4\framework\system\Commands\Server\rewrite.php(46): require_once('C:\\xampp\\htdocs...')
#10 {main}
CRITICAL - 2022-11-22 08:02:49 --> Call to a member function getRowArray() on bool
in APPPATH\Models\TrackingModel.php on line 30.
 1 APPPATH\Controllers\Tracking.php(30): App\Models\TrackingModel->get_data_track_shipment('20')
 2 SYSTEMPATH\CodeIgniter.php(927): App\Controllers\Tracking->get_data_track_shipment()
 3 SYSTEMPATH\CodeIgniter.php(482): CodeIgniter\CodeIgniter->runController(Object(App\Controllers\Tracking))
 4 SYSTEMPATH\CodeIgniter.php(351): CodeIgniter\CodeIgniter->handleRequest(null, Object(Config\Cache), false)
 5 FCPATH\index.php(67): CodeIgniter\CodeIgniter->run()
 6 SYSTEMPATH\Commands\Server\rewrite.php(46): require_once('FCPATH\\index.php')
