CRITICAL - 2022-11-05 01:56:56 --> Invalid file: layouts/js.php
in SYSTEMPATH\Exceptions\FrameworkException.php on line 33.
 1 SYSTEMPATH\View\View.php(201): CodeIgniter\Exceptions\FrameworkException::forInvalidFile('layouts/js.php')
 2 SYSTEMPATH\View\View.php(431): CodeIgniter\View\View->render('layouts/js', null, true)
 3 APPPATH\Views\template\master.php(27): CodeIgniter\View\View->include('layouts/js')
 4 SYSTEMPATH\View\View.php(213): include('APPPATH\\Views\\template\\master.php')
 5 SYSTEMPATH\View\View.php(216): CodeIgniter\View\View->CodeIgniter\View\{closure}()
 6 SYSTEMPATH\View\View.php(229): CodeIgniter\View\View->render('template/master', [], true)
 7 SYSTEMPATH\Common.php(1134): CodeIgniter\View\View->render('home/homeView', [], true)
 8 APPPATH\Controllers\Home.php(9): view('home/homeView')
 9 SYSTEMPATH\CodeIgniter.php(927): App\Controllers\Home->index()
10 SYSTEMPATH\CodeIgniter.php(482): CodeIgniter\CodeIgniter->runController(Object(App\Controllers\Home))
11 SYSTEMPATH\CodeIgniter.php(351): CodeIgniter\CodeIgniter->handleRequest(null, Object(Config\Cache), false)
12 FCPATH\index.php(67): CodeIgniter\CodeIgniter->run()
13 SYSTEMPATH\Commands\Server\rewrite.php(46): require_once('FCPATH\\index.php')
CRITICAL - 2022-11-05 01:57:13 --> Invalid file: layouts/js.php
in SYSTEMPATH\Exceptions\FrameworkException.php on line 33.
 1 SYSTEMPATH\View\View.php(201): CodeIgniter\Exceptions\FrameworkException::forInvalidFile('layouts/js.php')
 2 SYSTEMPATH\View\View.php(431): CodeIgniter\View\View->render('layouts/js', null, true)
 3 APPPATH\Views\template\master.php(27): CodeIgniter\View\View->include('layouts/js')
 4 SYSTEMPATH\View\View.php(213): include('APPPATH\\Views\\template\\master.php')
 5 SYSTEMPATH\View\View.php(216): CodeIgniter\View\View->CodeIgniter\View\{closure}()
 6 SYSTEMPATH\View\View.php(229): CodeIgniter\View\View->render('template/master', [], true)
 7 SYSTEMPATH\Common.php(1134): CodeIgniter\View\View->render('home/homeView', [], true)
 8 APPPATH\Controllers\Home.php(9): view('home/homeView')
 9 SYSTEMPATH\CodeIgniter.php(927): App\Controllers\Home->index()
10 SYSTEMPATH\CodeIgniter.php(482): CodeIgniter\CodeIgniter->runController(Object(App\Controllers\Home))
11 SYSTEMPATH\CodeIgniter.php(351): CodeIgniter\CodeIgniter->handleRequest(null, Object(Config\Cache), false)
12 FCPATH\index.php(67): CodeIgniter\CodeIgniter->run()
13 SYSTEMPATH\Commands\Server\rewrite.php(46): require_once('FCPATH\\index.php')
CRITICAL - 2022-11-05 01:57:32 --> Invalid file: layouts/js.php
in SYSTEMPATH\Exceptions\FrameworkException.php on line 33.
 1 SYSTEMPATH\View\View.php(201): CodeIgniter\Exceptions\FrameworkException::forInvalidFile('layouts/js.php')
 2 SYSTEMPATH\View\View.php(431): CodeIgniter\View\View->render('layouts/js', null, true)
 3 APPPATH\Views\template\master.php(27): CodeIgniter\View\View->include('layouts/js')
 4 SYSTEMPATH\View\View.php(213): include('APPPATH\\Views\\template\\master.php')
 5 SYSTEMPATH\View\View.php(216): CodeIgniter\View\View->CodeIgniter\View\{closure}()
 6 SYSTEMPATH\View\View.php(229): CodeIgniter\View\View->render('template/master', [], true)
 7 SYSTEMPATH\Common.php(1134): CodeIgniter\View\View->render('home/homeView', [], true)
 8 APPPATH\Controllers\Home.php(9): view('home/homeView')
 9 SYSTEMPATH\CodeIgniter.php(927): App\Controllers\Home->index()
10 SYSTEMPATH\CodeIgniter.php(482): CodeIgniter\CodeIgniter->runController(Object(App\Controllers\Home))
11 SYSTEMPATH\CodeIgniter.php(351): CodeIgniter\CodeIgniter->handleRequest(null, Object(Config\Cache), false)
12 FCPATH\index.php(67): CodeIgniter\CodeIgniter->run()
13 SYSTEMPATH\Commands\Server\rewrite.php(46): require_once('FCPATH\\index.php')
