ERROR - 2022-11-15 08:57:17 --> mysqli_sql_exception: You have an error in your SQL syntax; check the manual that corresponds to your MariaDB server version for the right syntax to use near '-2,2' at line 1 in C:\xampp\htdocs\aimtrack-V.1\vendor\codeigniter4\framework\system\Database\MySQLi\Connection.php:292
Stack trace:
#0 C:\xampp\htdocs\aimtrack-V.1\vendor\codeigniter4\framework\system\Database\MySQLi\Connection.php(292): mysqli->query('SELECT internal...', 0)
#1 C:\xampp\htdocs\aimtrack-V.1\vendor\codeigniter4\framework\system\Database\BaseConnection.php(666): CodeIgniter\Database\MySQLi\Connection->execute('SELECT internal...')
#2 C:\xampp\htdocs\aimtrack-V.1\vendor\codeigniter4\framework\system\Database\BaseConnection.php(593): CodeIgniter\Database\BaseConnection->simpleQuery('SELECT internal...')
#3 C:\xampp\htdocs\aimtrack-V.1\app\Models\HomeModel.php(26): CodeIgniter\Database\BaseConnection->query('SELECT internal...')
#4 C:\xampp\htdocs\aimtrack-V.1\app\Controllers\Home.php(38): App\Models\HomeModel->get_data_track_shipment(Array)
#5 C:\xampp\htdocs\aimtrack-V.1\vendor\codeigniter4\framework\system\CodeIgniter.php(927): App\Controllers\Home->get_data_track_shipment()
#6 C:\xampp\htdocs\aimtrack-V.1\vendor\codeigniter4\framework\system\CodeIgniter.php(482): CodeIgniter\CodeIgniter->runController(Object(App\Controllers\Home))
#7 C:\xampp\htdocs\aimtrack-V.1\vendor\codeigniter4\framework\system\CodeIgniter.php(351): CodeIgniter\CodeIgniter->handleRequest(NULL, Object(Config\Cache), false)
#8 C:\xampp\htdocs\aimtrack-V.1\public\index.php(67): CodeIgniter\CodeIgniter->run()
#9 C:\xampp\htdocs\aimtrack-V.1\vendor\codeigniter4\framework\system\Commands\Server\rewrite.php(46): require_once('C:\\xampp\\htdocs...')
#10 {main}
CRITICAL - 2022-11-15 08:57:18 --> Call to a member function getResultArray() on bool
in APPPATH\Models\HomeModel.php on line 27.
 1 APPPATH\Controllers\Home.php(38): App\Models\HomeModel->get_data_track_shipment([...])
 2 SYSTEMPATH\CodeIgniter.php(927): App\Controllers\Home->get_data_track_shipment()
 3 SYSTEMPATH\CodeIgniter.php(482): CodeIgniter\CodeIgniter->runController(Object(App\Controllers\Home))
 4 SYSTEMPATH\CodeIgniter.php(351): CodeIgniter\CodeIgniter->handleRequest(null, Object(Config\Cache), false)
 5 FCPATH\index.php(67): CodeIgniter\CodeIgniter->run()
 6 SYSTEMPATH\Commands\Server\rewrite.php(46): require_once('FCPATH\\index.php')
ERROR - 2022-11-15 08:57:54 --> mysqli_sql_exception: You have an error in your SQL syntax; check the manual that corresponds to your MariaDB server version for the right syntax to use near '-2,2' at line 1 in C:\xampp\htdocs\aimtrack-V.1\vendor\codeigniter4\framework\system\Database\MySQLi\Connection.php:292
Stack trace:
#0 C:\xampp\htdocs\aimtrack-V.1\vendor\codeigniter4\framework\system\Database\MySQLi\Connection.php(292): mysqli->query('SELECT internal...', 0)
#1 C:\xampp\htdocs\aimtrack-V.1\vendor\codeigniter4\framework\system\Database\BaseConnection.php(666): CodeIgniter\Database\MySQLi\Connection->execute('SELECT internal...')
#2 C:\xampp\htdocs\aimtrack-V.1\vendor\codeigniter4\framework\system\Database\BaseConnection.php(593): CodeIgniter\Database\BaseConnection->simpleQuery('SELECT internal...')
#3 C:\xampp\htdocs\aimtrack-V.1\app\Models\HomeModel.php(26): CodeIgniter\Database\BaseConnection->query('SELECT internal...')
#4 C:\xampp\htdocs\aimtrack-V.1\app\Controllers\Home.php(38): App\Models\HomeModel->get_data_track_shipment(Array)
#5 C:\xampp\htdocs\aimtrack-V.1\vendor\codeigniter4\framework\system\CodeIgniter.php(927): App\Controllers\Home->get_data_track_shipment()
#6 C:\xampp\htdocs\aimtrack-V.1\vendor\codeigniter4\framework\system\CodeIgniter.php(482): CodeIgniter\CodeIgniter->runController(Object(App\Controllers\Home))
#7 C:\xampp\htdocs\aimtrack-V.1\vendor\codeigniter4\framework\system\CodeIgniter.php(351): CodeIgniter\CodeIgniter->handleRequest(NULL, Object(Config\Cache), false)
#8 C:\xampp\htdocs\aimtrack-V.1\public\index.php(67): CodeIgniter\CodeIgniter->run()
#9 C:\xampp\htdocs\aimtrack-V.1\vendor\codeigniter4\framework\system\Commands\Server\rewrite.php(46): require_once('C:\\xampp\\htdocs...')
#10 {main}
CRITICAL - 2022-11-15 08:57:55 --> Call to a member function getResultArray() on bool
in APPPATH\Models\HomeModel.php on line 27.
 1 APPPATH\Controllers\Home.php(38): App\Models\HomeModel->get_data_track_shipment([...])
 2 SYSTEMPATH\CodeIgniter.php(927): App\Controllers\Home->get_data_track_shipment()
 3 SYSTEMPATH\CodeIgniter.php(482): CodeIgniter\CodeIgniter->runController(Object(App\Controllers\Home))
 4 SYSTEMPATH\CodeIgniter.php(351): CodeIgniter\CodeIgniter->handleRequest(null, Object(Config\Cache), false)
 5 FCPATH\index.php(67): CodeIgniter\CodeIgniter->run()
 6 SYSTEMPATH\Commands\Server\rewrite.php(46): require_once('FCPATH\\index.php')
ERROR - 2022-11-15 08:58:20 --> mysqli_sql_exception: You have an error in your SQL syntax; check the manual that corresponds to your MariaDB server version for the right syntax to use near '-2,2' at line 1 in C:\xampp\htdocs\aimtrack-V.1\vendor\codeigniter4\framework\system\Database\MySQLi\Connection.php:292
Stack trace:
#0 C:\xampp\htdocs\aimtrack-V.1\vendor\codeigniter4\framework\system\Database\MySQLi\Connection.php(292): mysqli->query('SELECT internal...', 0)
#1 C:\xampp\htdocs\aimtrack-V.1\vendor\codeigniter4\framework\system\Database\BaseConnection.php(666): CodeIgniter\Database\MySQLi\Connection->execute('SELECT internal...')
#2 C:\xampp\htdocs\aimtrack-V.1\vendor\codeigniter4\framework\system\Database\BaseConnection.php(593): CodeIgniter\Database\BaseConnection->simpleQuery('SELECT internal...')
#3 C:\xampp\htdocs\aimtrack-V.1\app\Models\HomeModel.php(26): CodeIgniter\Database\BaseConnection->query('SELECT internal...')
#4 C:\xampp\htdocs\aimtrack-V.1\app\Controllers\Home.php(38): App\Models\HomeModel->get_data_track_shipment(Array)
#5 C:\xampp\htdocs\aimtrack-V.1\vendor\codeigniter4\framework\system\CodeIgniter.php(927): App\Controllers\Home->get_data_track_shipment()
#6 C:\xampp\htdocs\aimtrack-V.1\vendor\codeigniter4\framework\system\CodeIgniter.php(482): CodeIgniter\CodeIgniter->runController(Object(App\Controllers\Home))
#7 C:\xampp\htdocs\aimtrack-V.1\vendor\codeigniter4\framework\system\CodeIgniter.php(351): CodeIgniter\CodeIgniter->handleRequest(NULL, Object(Config\Cache), false)
#8 C:\xampp\htdocs\aimtrack-V.1\public\index.php(67): CodeIgniter\CodeIgniter->run()
#9 C:\xampp\htdocs\aimtrack-V.1\vendor\codeigniter4\framework\system\Commands\Server\rewrite.php(46): require_once('C:\\xampp\\htdocs...')
#10 {main}
CRITICAL - 2022-11-15 08:58:21 --> Call to a member function getResultArray() on bool
in APPPATH\Models\HomeModel.php on line 27.
 1 APPPATH\Controllers\Home.php(38): App\Models\HomeModel->get_data_track_shipment([...])
 2 SYSTEMPATH\CodeIgniter.php(927): App\Controllers\Home->get_data_track_shipment()
 3 SYSTEMPATH\CodeIgniter.php(482): CodeIgniter\CodeIgniter->runController(Object(App\Controllers\Home))
 4 SYSTEMPATH\CodeIgniter.php(351): CodeIgniter\CodeIgniter->handleRequest(null, Object(Config\Cache), false)
 5 FCPATH\index.php(67): CodeIgniter\CodeIgniter->run()
 6 SYSTEMPATH\Commands\Server\rewrite.php(46): require_once('FCPATH\\index.php')
CRITICAL - 2022-11-15 09:13:25 --> Call to a member function add_data_setup_status() on null
in APPPATH\Controllers\DataSetup.php on line 30.
 1 SYSTEMPATH\CodeIgniter.php(927): App\Controllers\DataSetup->add_data_setup_status()
 2 SYSTEMPATH\CodeIgniter.php(482): CodeIgniter\CodeIgniter->runController(Object(App\Controllers\DataSetup))
 3 SYSTEMPATH\CodeIgniter.php(351): CodeIgniter\CodeIgniter->handleRequest(null, Object(Config\Cache), false)
 4 FCPATH\index.php(67): CodeIgniter\CodeIgniter->run()
 5 SYSTEMPATH\Commands\Server\rewrite.php(46): require_once('FCPATH\\index.php')
