ERROR - 2022-11-24 09:28:25 --> mysqli_sql_exception: Table 'db_aimtrack.tb_tracking_event' doesn't exist in C:\xampp\htdocs\aimtrack-V.1\vendor\codeigniter4\framework\system\Database\MySQLi\Connection.php:292
Stack trace:
#0 C:\xampp\htdocs\aimtrack-V.1\vendor\codeigniter4\framework\system\Database\MySQLi\Connection.php(292): mysqli->query('SELECT activity...', 0)
#1 C:\xampp\htdocs\aimtrack-V.1\vendor\codeigniter4\framework\system\Database\BaseConnection.php(666): CodeIgniter\Database\MySQLi\Connection->execute('SELECT activity...')
#2 C:\xampp\htdocs\aimtrack-V.1\vendor\codeigniter4\framework\system\Database\BaseConnection.php(593): CodeIgniter\Database\BaseConnection->simpleQuery('SELECT activity...')
#3 C:\xampp\htdocs\aimtrack-V.1\app\Models\TrackingModel.php(53): CodeIgniter\Database\BaseConnection->query('SELECT activity...')
#4 C:\xampp\htdocs\aimtrack-V.1\app\Controllers\Tracking.php(87): App\Models\TrackingModel->get_side_tracking()
#5 C:\xampp\htdocs\aimtrack-V.1\vendor\codeigniter4\framework\system\CodeIgniter.php(927): App\Controllers\Tracking->get_side_tracking()
#6 C:\xampp\htdocs\aimtrack-V.1\vendor\codeigniter4\framework\system\CodeIgniter.php(482): CodeIgniter\CodeIgniter->runController(Object(App\Controllers\Tracking))
#7 C:\xampp\htdocs\aimtrack-V.1\vendor\codeigniter4\framework\system\CodeIgniter.php(351): CodeIgniter\CodeIgniter->handleRequest(NULL, Object(Config\Cache), false)
#8 C:\xampp\htdocs\aimtrack-V.1\public\index.php(67): CodeIgniter\CodeIgniter->run()
#9 C:\xampp\htdocs\aimtrack-V.1\vendor\codeigniter4\framework\system\Commands\Server\rewrite.php(46): require_once('C:\\xampp\\htdocs...')
#10 {main}
CRITICAL - 2022-11-24 09:28:25 --> Call to a member function getResultArray() on bool
in APPPATH\Models\TrackingModel.php on line 54.
 1 APPPATH\Controllers\Tracking.php(87): App\Models\TrackingModel->get_side_tracking()
 2 SYSTEMPATH\CodeIgniter.php(927): App\Controllers\Tracking->get_side_tracking()
 3 SYSTEMPATH\CodeIgniter.php(482): CodeIgniter\CodeIgniter->runController(Object(App\Controllers\Tracking))
 4 SYSTEMPATH\CodeIgniter.php(351): CodeIgniter\CodeIgniter->handleRequest(null, Object(Config\Cache), false)
 5 FCPATH\index.php(67): CodeIgniter\CodeIgniter->run()
 6 SYSTEMPATH\Commands\Server\rewrite.php(46): require_once('FCPATH\\index.php')
ERROR - 2022-11-24 09:30:44 --> mysqli_sql_exception: Table 'db_aimtrack.tb_tracking_event' doesn't exist in C:\xampp\htdocs\aimtrack-V.1\vendor\codeigniter4\framework\system\Database\MySQLi\Connection.php:292
Stack trace:
#0 C:\xampp\htdocs\aimtrack-V.1\vendor\codeigniter4\framework\system\Database\MySQLi\Connection.php(292): mysqli->query('SELECT activity...', 0)
#1 C:\xampp\htdocs\aimtrack-V.1\vendor\codeigniter4\framework\system\Database\BaseConnection.php(666): CodeIgniter\Database\MySQLi\Connection->execute('SELECT activity...')
#2 C:\xampp\htdocs\aimtrack-V.1\vendor\codeigniter4\framework\system\Database\BaseConnection.php(593): CodeIgniter\Database\BaseConnection->simpleQuery('SELECT activity...')
#3 C:\xampp\htdocs\aimtrack-V.1\app\Models\TrackingModel.php(53): CodeIgniter\Database\BaseConnection->query('SELECT activity...')
#4 C:\xampp\htdocs\aimtrack-V.1\app\Controllers\Tracking.php(87): App\Models\TrackingModel->get_side_tracking()
#5 C:\xampp\htdocs\aimtrack-V.1\vendor\codeigniter4\framework\system\CodeIgniter.php(927): App\Controllers\Tracking->get_side_tracking()
#6 C:\xampp\htdocs\aimtrack-V.1\vendor\codeigniter4\framework\system\CodeIgniter.php(482): CodeIgniter\CodeIgniter->runController(Object(App\Controllers\Tracking))
#7 C:\xampp\htdocs\aimtrack-V.1\vendor\codeigniter4\framework\system\CodeIgniter.php(351): CodeIgniter\CodeIgniter->handleRequest(NULL, Object(Config\Cache), false)
#8 C:\xampp\htdocs\aimtrack-V.1\public\index.php(67): CodeIgniter\CodeIgniter->run()
#9 C:\xampp\htdocs\aimtrack-V.1\vendor\codeigniter4\framework\system\Commands\Server\rewrite.php(46): require_once('C:\\xampp\\htdocs...')
#10 {main}
CRITICAL - 2022-11-24 09:30:45 --> Call to a member function getResultArray() on bool
in APPPATH\Models\TrackingModel.php on line 54.
 1 APPPATH\Controllers\Tracking.php(87): App\Models\TrackingModel->get_side_tracking()
 2 SYSTEMPATH\CodeIgniter.php(927): App\Controllers\Tracking->get_side_tracking()
 3 SYSTEMPATH\CodeIgniter.php(482): CodeIgniter\CodeIgniter->runController(Object(App\Controllers\Tracking))
 4 SYSTEMPATH\CodeIgniter.php(351): CodeIgniter\CodeIgniter->handleRequest(null, Object(Config\Cache), false)
 5 FCPATH\index.php(67): CodeIgniter\CodeIgniter->run()
 6 SYSTEMPATH\Commands\Server\rewrite.php(46): require_once('FCPATH\\index.php')
ERROR - 2022-11-24 09:31:49 --> mysqli_sql_exception: Table 'db_aimtrack.tb_tracking_event' doesn't exist in C:\xampp\htdocs\aimtrack-V.1\vendor\codeigniter4\framework\system\Database\MySQLi\Connection.php:292
Stack trace:
#0 C:\xampp\htdocs\aimtrack-V.1\vendor\codeigniter4\framework\system\Database\MySQLi\Connection.php(292): mysqli->query('SELECT activity...', 0)
#1 C:\xampp\htdocs\aimtrack-V.1\vendor\codeigniter4\framework\system\Database\BaseConnection.php(666): CodeIgniter\Database\MySQLi\Connection->execute('SELECT activity...')
#2 C:\xampp\htdocs\aimtrack-V.1\vendor\codeigniter4\framework\system\Database\BaseConnection.php(593): CodeIgniter\Database\BaseConnection->simpleQuery('SELECT activity...')
#3 C:\xampp\htdocs\aimtrack-V.1\app\Models\TrackingModel.php(53): CodeIgniter\Database\BaseConnection->query('SELECT activity...')
#4 C:\xampp\htdocs\aimtrack-V.1\app\Controllers\Tracking.php(87): App\Models\TrackingModel->get_side_tracking()
#5 C:\xampp\htdocs\aimtrack-V.1\vendor\codeigniter4\framework\system\CodeIgniter.php(927): App\Controllers\Tracking->get_side_tracking()
#6 C:\xampp\htdocs\aimtrack-V.1\vendor\codeigniter4\framework\system\CodeIgniter.php(482): CodeIgniter\CodeIgniter->runController(Object(App\Controllers\Tracking))
#7 C:\xampp\htdocs\aimtrack-V.1\vendor\codeigniter4\framework\system\CodeIgniter.php(351): CodeIgniter\CodeIgniter->handleRequest(NULL, Object(Config\Cache), false)
#8 C:\xampp\htdocs\aimtrack-V.1\public\index.php(67): CodeIgniter\CodeIgniter->run()
#9 C:\xampp\htdocs\aimtrack-V.1\vendor\codeigniter4\framework\system\Commands\Server\rewrite.php(46): require_once('C:\\xampp\\htdocs...')
#10 {main}
CRITICAL - 2022-11-24 09:31:50 --> Call to a member function getResultArray() on bool
in APPPATH\Models\TrackingModel.php on line 54.
 1 APPPATH\Controllers\Tracking.php(87): App\Models\TrackingModel->get_side_tracking()
 2 SYSTEMPATH\CodeIgniter.php(927): App\Controllers\Tracking->get_side_tracking()
 3 SYSTEMPATH\CodeIgniter.php(482): CodeIgniter\CodeIgniter->runController(Object(App\Controllers\Tracking))
 4 SYSTEMPATH\CodeIgniter.php(351): CodeIgniter\CodeIgniter->handleRequest(null, Object(Config\Cache), false)
 5 FCPATH\index.php(67): CodeIgniter\CodeIgniter->run()
 6 SYSTEMPATH\Commands\Server\rewrite.php(46): require_once('FCPATH\\index.php')
ERROR - 2022-11-24 09:33:08 --> mysqli_sql_exception: Table 'db_aimtrack.tb_tracking_event' doesn't exist in C:\xampp\htdocs\aimtrack-V.1\vendor\codeigniter4\framework\system\Database\MySQLi\Connection.php:292
Stack trace:
#0 C:\xampp\htdocs\aimtrack-V.1\vendor\codeigniter4\framework\system\Database\MySQLi\Connection.php(292): mysqli->query('SELECT activity...', 0)
#1 C:\xampp\htdocs\aimtrack-V.1\vendor\codeigniter4\framework\system\Database\BaseConnection.php(666): CodeIgniter\Database\MySQLi\Connection->execute('SELECT activity...')
#2 C:\xampp\htdocs\aimtrack-V.1\vendor\codeigniter4\framework\system\Database\BaseConnection.php(593): CodeIgniter\Database\BaseConnection->simpleQuery('SELECT activity...')
#3 C:\xampp\htdocs\aimtrack-V.1\app\Models\TrackingModel.php(53): CodeIgniter\Database\BaseConnection->query('SELECT activity...')
#4 C:\xampp\htdocs\aimtrack-V.1\app\Controllers\Tracking.php(87): App\Models\TrackingModel->get_side_tracking()
#5 C:\xampp\htdocs\aimtrack-V.1\vendor\codeigniter4\framework\system\CodeIgniter.php(927): App\Controllers\Tracking->get_side_tracking()
#6 C:\xampp\htdocs\aimtrack-V.1\vendor\codeigniter4\framework\system\CodeIgniter.php(482): CodeIgniter\CodeIgniter->runController(Object(App\Controllers\Tracking))
#7 C:\xampp\htdocs\aimtrack-V.1\vendor\codeigniter4\framework\system\CodeIgniter.php(351): CodeIgniter\CodeIgniter->handleRequest(NULL, Object(Config\Cache), false)
#8 C:\xampp\htdocs\aimtrack-V.1\public\index.php(67): CodeIgniter\CodeIgniter->run()
#9 C:\xampp\htdocs\aimtrack-V.1\vendor\codeigniter4\framework\system\Commands\Server\rewrite.php(46): require_once('C:\\xampp\\htdocs...')
#10 {main}
CRITICAL - 2022-11-24 09:33:08 --> Call to a member function getResultArray() on bool
in APPPATH\Models\TrackingModel.php on line 54.
 1 APPPATH\Controllers\Tracking.php(87): App\Models\TrackingModel->get_side_tracking()
 2 SYSTEMPATH\CodeIgniter.php(927): App\Controllers\Tracking->get_side_tracking()
 3 SYSTEMPATH\CodeIgniter.php(482): CodeIgniter\CodeIgniter->runController(Object(App\Controllers\Tracking))
 4 SYSTEMPATH\CodeIgniter.php(351): CodeIgniter\CodeIgniter->handleRequest(null, Object(Config\Cache), false)
 5 FCPATH\index.php(67): CodeIgniter\CodeIgniter->run()
 6 SYSTEMPATH\Commands\Server\rewrite.php(46): require_once('FCPATH\\index.php')
ERROR - 2022-11-24 09:36:02 --> mysqli_sql_exception: Table 'db_aimtrack.tb_tracking_event' doesn't exist in C:\xampp\htdocs\aimtrack-V.1\vendor\codeigniter4\framework\system\Database\MySQLi\Connection.php:292
Stack trace:
#0 C:\xampp\htdocs\aimtrack-V.1\vendor\codeigniter4\framework\system\Database\MySQLi\Connection.php(292): mysqli->query('SELECT activity...', 0)
#1 C:\xampp\htdocs\aimtrack-V.1\vendor\codeigniter4\framework\system\Database\BaseConnection.php(666): CodeIgniter\Database\MySQLi\Connection->execute('SELECT activity...')
#2 C:\xampp\htdocs\aimtrack-V.1\vendor\codeigniter4\framework\system\Database\BaseConnection.php(593): CodeIgniter\Database\BaseConnection->simpleQuery('SELECT activity...')
#3 C:\xampp\htdocs\aimtrack-V.1\app\Models\TrackingModel.php(53): CodeIgniter\Database\BaseConnection->query('SELECT activity...')
#4 C:\xampp\htdocs\aimtrack-V.1\app\Controllers\Tracking.php(87): App\Models\TrackingModel->get_side_tracking()
#5 C:\xampp\htdocs\aimtrack-V.1\vendor\codeigniter4\framework\system\CodeIgniter.php(927): App\Controllers\Tracking->get_side_tracking()
#6 C:\xampp\htdocs\aimtrack-V.1\vendor\codeigniter4\framework\system\CodeIgniter.php(482): CodeIgniter\CodeIgniter->runController(Object(App\Controllers\Tracking))
#7 C:\xampp\htdocs\aimtrack-V.1\vendor\codeigniter4\framework\system\CodeIgniter.php(351): CodeIgniter\CodeIgniter->handleRequest(NULL, Object(Config\Cache), false)
#8 C:\xampp\htdocs\aimtrack-V.1\public\index.php(67): CodeIgniter\CodeIgniter->run()
#9 C:\xampp\htdocs\aimtrack-V.1\vendor\codeigniter4\framework\system\Commands\Server\rewrite.php(46): require_once('C:\\xampp\\htdocs...')
#10 {main}
CRITICAL - 2022-11-24 09:36:03 --> Call to a member function getResultArray() on bool
in APPPATH\Models\TrackingModel.php on line 54.
 1 APPPATH\Controllers\Tracking.php(87): App\Models\TrackingModel->get_side_tracking()
 2 SYSTEMPATH\CodeIgniter.php(927): App\Controllers\Tracking->get_side_tracking()
 3 SYSTEMPATH\CodeIgniter.php(482): CodeIgniter\CodeIgniter->runController(Object(App\Controllers\Tracking))
 4 SYSTEMPATH\CodeIgniter.php(351): CodeIgniter\CodeIgniter->handleRequest(null, Object(Config\Cache), false)
 5 FCPATH\index.php(67): CodeIgniter\CodeIgniter->run()
 6 SYSTEMPATH\Commands\Server\rewrite.php(46): require_once('FCPATH\\index.php')
ERROR - 2022-11-24 09:38:42 --> mysqli_sql_exception: Table 'db_aimtrack.tb_tracking_event' doesn't exist in C:\xampp\htdocs\aimtrack-V.1\vendor\codeigniter4\framework\system\Database\MySQLi\Connection.php:292
Stack trace:
#0 C:\xampp\htdocs\aimtrack-V.1\vendor\codeigniter4\framework\system\Database\MySQLi\Connection.php(292): mysqli->query('SELECT activity...', 0)
#1 C:\xampp\htdocs\aimtrack-V.1\vendor\codeigniter4\framework\system\Database\BaseConnection.php(666): CodeIgniter\Database\MySQLi\Connection->execute('SELECT activity...')
#2 C:\xampp\htdocs\aimtrack-V.1\vendor\codeigniter4\framework\system\Database\BaseConnection.php(593): CodeIgniter\Database\BaseConnection->simpleQuery('SELECT activity...')
#3 C:\xampp\htdocs\aimtrack-V.1\app\Models\TrackingModel.php(53): CodeIgniter\Database\BaseConnection->query('SELECT activity...')
#4 C:\xampp\htdocs\aimtrack-V.1\app\Controllers\Tracking.php(88): App\Models\TrackingModel->get_side_tracking('import/20-11-20...')
#5 C:\xampp\htdocs\aimtrack-V.1\vendor\codeigniter4\framework\system\CodeIgniter.php(927): App\Controllers\Tracking->get_side_tracking()
#6 C:\xampp\htdocs\aimtrack-V.1\vendor\codeigniter4\framework\system\CodeIgniter.php(482): CodeIgniter\CodeIgniter->runController(Object(App\Controllers\Tracking))
#7 C:\xampp\htdocs\aimtrack-V.1\vendor\codeigniter4\framework\system\CodeIgniter.php(351): CodeIgniter\CodeIgniter->handleRequest(NULL, Object(Config\Cache), false)
#8 C:\xampp\htdocs\aimtrack-V.1\public\index.php(67): CodeIgniter\CodeIgniter->run()
#9 C:\xampp\htdocs\aimtrack-V.1\vendor\codeigniter4\framework\system\Commands\Server\rewrite.php(46): require_once('C:\\xampp\\htdocs...')
#10 {main}
CRITICAL - 2022-11-24 09:38:42 --> Call to a member function getResultArray() on bool
in APPPATH\Models\TrackingModel.php on line 54.
 1 APPPATH\Controllers\Tracking.php(88): App\Models\TrackingModel->get_side_tracking('import/20-11-2022/v4X2FKhGW1')
 2 SYSTEMPATH\CodeIgniter.php(927): App\Controllers\Tracking->get_side_tracking()
 3 SYSTEMPATH\CodeIgniter.php(482): CodeIgniter\CodeIgniter->runController(Object(App\Controllers\Tracking))
 4 SYSTEMPATH\CodeIgniter.php(351): CodeIgniter\CodeIgniter->handleRequest(null, Object(Config\Cache), false)
 5 FCPATH\index.php(67): CodeIgniter\CodeIgniter->run()
 6 SYSTEMPATH\Commands\Server\rewrite.php(46): require_once('FCPATH\\index.php')
ERROR - 2022-11-24 09:39:37 --> mysqli_sql_exception: Unknown column 'import' in 'where clause' in C:\xampp\htdocs\aimtrack-V.1\vendor\codeigniter4\framework\system\Database\MySQLi\Connection.php:292
Stack trace:
#0 C:\xampp\htdocs\aimtrack-V.1\vendor\codeigniter4\framework\system\Database\MySQLi\Connection.php(292): mysqli->query('SELECT activity...', 0)
#1 C:\xampp\htdocs\aimtrack-V.1\vendor\codeigniter4\framework\system\Database\BaseConnection.php(666): CodeIgniter\Database\MySQLi\Connection->execute('SELECT activity...')
#2 C:\xampp\htdocs\aimtrack-V.1\vendor\codeigniter4\framework\system\Database\BaseConnection.php(593): CodeIgniter\Database\BaseConnection->simpleQuery('SELECT activity...')
#3 C:\xampp\htdocs\aimtrack-V.1\app\Models\TrackingModel.php(53): CodeIgniter\Database\BaseConnection->query('SELECT activity...')
#4 C:\xampp\htdocs\aimtrack-V.1\app\Controllers\Tracking.php(88): App\Models\TrackingModel->get_side_tracking('import/20-11-20...')
#5 C:\xampp\htdocs\aimtrack-V.1\vendor\codeigniter4\framework\system\CodeIgniter.php(927): App\Controllers\Tracking->get_side_tracking()
#6 C:\xampp\htdocs\aimtrack-V.1\vendor\codeigniter4\framework\system\CodeIgniter.php(482): CodeIgniter\CodeIgniter->runController(Object(App\Controllers\Tracking))
#7 C:\xampp\htdocs\aimtrack-V.1\vendor\codeigniter4\framework\system\CodeIgniter.php(351): CodeIgniter\CodeIgniter->handleRequest(NULL, Object(Config\Cache), false)
#8 C:\xampp\htdocs\aimtrack-V.1\public\index.php(67): CodeIgniter\CodeIgniter->run()
#9 C:\xampp\htdocs\aimtrack-V.1\vendor\codeigniter4\framework\system\Commands\Server\rewrite.php(46): require_once('C:\\xampp\\htdocs...')
#10 {main}
CRITICAL - 2022-11-24 09:39:38 --> Call to a member function getResultArray() on bool
in APPPATH\Models\TrackingModel.php on line 54.
 1 APPPATH\Controllers\Tracking.php(88): App\Models\TrackingModel->get_side_tracking('import/20-11-2022/v4X2FKhGW1')
 2 SYSTEMPATH\CodeIgniter.php(927): App\Controllers\Tracking->get_side_tracking()
 3 SYSTEMPATH\CodeIgniter.php(482): CodeIgniter\CodeIgniter->runController(Object(App\Controllers\Tracking))
 4 SYSTEMPATH\CodeIgniter.php(351): CodeIgniter\CodeIgniter->handleRequest(null, Object(Config\Cache), false)
 5 FCPATH\index.php(67): CodeIgniter\CodeIgniter->run()
 6 SYSTEMPATH\Commands\Server\rewrite.php(46): require_once('FCPATH\\index.php')
ERROR - 2022-11-24 09:41:27 --> mysqli_sql_exception: Unknown column 'import' in 'where clause' in C:\xampp\htdocs\aimtrack-V.1\vendor\codeigniter4\framework\system\Database\MySQLi\Connection.php:292
Stack trace:
#0 C:\xampp\htdocs\aimtrack-V.1\vendor\codeigniter4\framework\system\Database\MySQLi\Connection.php(292): mysqli->query('SELECT activity...', 0)
#1 C:\xampp\htdocs\aimtrack-V.1\vendor\codeigniter4\framework\system\Database\BaseConnection.php(666): CodeIgniter\Database\MySQLi\Connection->execute('SELECT activity...')
#2 C:\xampp\htdocs\aimtrack-V.1\vendor\codeigniter4\framework\system\Database\BaseConnection.php(593): CodeIgniter\Database\BaseConnection->simpleQuery('SELECT activity...')
#3 C:\xampp\htdocs\aimtrack-V.1\app\Models\TrackingModel.php(53): CodeIgniter\Database\BaseConnection->query('SELECT activity...')
#4 C:\xampp\htdocs\aimtrack-V.1\app\Controllers\Tracking.php(88): App\Models\TrackingModel->get_side_tracking('import/20-11-20...')
#5 C:\xampp\htdocs\aimtrack-V.1\vendor\codeigniter4\framework\system\CodeIgniter.php(927): App\Controllers\Tracking->get_side_tracking()
#6 C:\xampp\htdocs\aimtrack-V.1\vendor\codeigniter4\framework\system\CodeIgniter.php(482): CodeIgniter\CodeIgniter->runController(Object(App\Controllers\Tracking))
#7 C:\xampp\htdocs\aimtrack-V.1\vendor\codeigniter4\framework\system\CodeIgniter.php(351): CodeIgniter\CodeIgniter->handleRequest(NULL, Object(Config\Cache), false)
#8 C:\xampp\htdocs\aimtrack-V.1\public\index.php(67): CodeIgniter\CodeIgniter->run()
#9 C:\xampp\htdocs\aimtrack-V.1\vendor\codeigniter4\framework\system\Commands\Server\rewrite.php(46): require_once('C:\\xampp\\htdocs...')
#10 {main}
CRITICAL - 2022-11-24 09:41:28 --> Call to a member function getResultArray() on bool
in APPPATH\Models\TrackingModel.php on line 54.
 1 APPPATH\Controllers\Tracking.php(88): App\Models\TrackingModel->get_side_tracking('import/20-11-2022/v4X2FKhGW1')
 2 SYSTEMPATH\CodeIgniter.php(927): App\Controllers\Tracking->get_side_tracking()
 3 SYSTEMPATH\CodeIgniter.php(482): CodeIgniter\CodeIgniter->runController(Object(App\Controllers\Tracking))
 4 SYSTEMPATH\CodeIgniter.php(351): CodeIgniter\CodeIgniter->handleRequest(null, Object(Config\Cache), false)
 5 FCPATH\index.php(67): CodeIgniter\CodeIgniter->run()
 6 SYSTEMPATH\Commands\Server\rewrite.php(46): require_once('FCPATH\\index.php')
